mode: atomic
github.com/jeffotoni/gocep/pkg/util/checkcep.go:12.33,13.28 1 10
github.com/jeffotoni/gocep/pkg/util/checkcep.go:13.28,15.3 1 3
github.com/jeffotoni/gocep/pkg/util/checkcep.go:16.2,16.61 1 7
github.com/jeffotoni/gocep/service/gocache/gocache.go:18.26,19.21 1 15
github.com/jeffotoni/gocep/service/gocache/gocache.go:19.21,20.28 1 1
github.com/jeffotoni/gocep/service/gocache/gocache.go:20.28,22.4 1 0
github.com/jeffotoni/gocep/service/gocache/gocache.go:23.3,23.58 1 1
github.com/jeffotoni/gocep/service/gocache/gocache.go:25.2,25.23 1 15
github.com/jeffotoni/gocep/service/gocache/gocache.go:28.56,29.36 1 2
github.com/jeffotoni/gocep/service/gocache/gocache.go:29.36,31.3 1 0
github.com/jeffotoni/gocep/service/gocache/gocache.go:32.2,34.13 3 2
github.com/jeffotoni/gocep/service/gocache/gocache.go:37.29,38.19 1 1
github.com/jeffotoni/gocep/service/gocache/gocache.go:38.19,40.3 1 0
github.com/jeffotoni/gocep/service/gocache/gocache.go:41.2,43.12 3 1
github.com/jeffotoni/gocep/service/gocache/gocache.go:43.12,45.3 1 0
github.com/jeffotoni/gocep/service/gocache/gocache.go:46.2,46.23 1 1
github.com/jeffotoni/gocep/handlers/cep.search.go:11.56,13.32 2 3
github.com/jeffotoni/gocep/handlers/cep.search.go:13.32,16.3 2 0
github.com/jeffotoni/gocep/handlers/cep.search.go:18.2,19.28 2 3
github.com/jeffotoni/gocep/handlers/cep.search.go:19.28,22.3 2 0
github.com/jeffotoni/gocep/handlers/cep.search.go:24.2,25.46 2 3
github.com/jeffotoni/gocep/handlers/cep.search.go:25.46,28.3 2 2
github.com/jeffotoni/gocep/handlers/cep.search.go:30.2,31.16 2 1
github.com/jeffotoni/gocep/handlers/cep.search.go:31.16,35.3 3 0
github.com/jeffotoni/gocep/handlers/cep.search.go:36.2,38.8 3 1
github.com/jeffotoni/gocep/handlers/notfound.go:7.55,10.2 2 0
github.com/jeffotoni/gocep/pkg/cep/newrequestwithcontext.correio.go:15.154,19.16 4 3
github.com/jeffotoni/gocep/pkg/cep/newrequestwithcontext.correio.go:19.16,21.3 1 0
github.com/jeffotoni/gocep/pkg/cep/newrequestwithcontext.correio.go:23.2,33.16 4 3
github.com/jeffotoni/gocep/pkg/cep/newrequestwithcontext.correio.go:33.16,35.3 1 1
github.com/jeffotoni/gocep/pkg/cep/newrequestwithcontext.correio.go:36.2,41.16 5 2
github.com/jeffotoni/gocep/pkg/cep/newrequestwithcontext.correio.go:41.16,48.17 7 2
github.com/jeffotoni/gocep/pkg/cep/newrequestwithcontext.correio.go:48.17,51.4 2 2
github.com/jeffotoni/gocep/pkg/cep/newrequestwithcontext.correio.go:53.2,53.8 1 2
github.com/jeffotoni/gocep/pkg/cep/newrequestwithcontext.go:17.43,18.43 1 10
github.com/jeffotoni/gocep/pkg/cep/newrequestwithcontext.go:18.43,20.3 1 2
github.com/jeffotoni/gocep/pkg/cep/newrequestwithcontext.go:21.2,23.16 3 10
github.com/jeffotoni/gocep/pkg/cep/newrequestwithcontext.go:23.16,25.3 1 0
github.com/jeffotoni/gocep/pkg/cep/newrequestwithcontext.go:27.2,28.16 2 10
github.com/jeffotoni/gocep/pkg/cep/newrequestwithcontext.go:28.16,30.3 1 4
github.com/jeffotoni/gocep/pkg/cep/newrequestwithcontext.go:32.2,33.16 2 6
github.com/jeffotoni/gocep/pkg/cep/newrequestwithcontext.go:33.16,36.3 2 0
github.com/jeffotoni/gocep/pkg/cep/newrequestwithcontext.go:38.2,41.40 2 6
github.com/jeffotoni/gocep/pkg/cep/newrequestwithcontext.go:41.40,43.17 2 6
github.com/jeffotoni/gocep/pkg/cep/newrequestwithcontext.go:44.26,45.50 1 2
github.com/jeffotoni/gocep/pkg/cep/newrequestwithcontext.go:46.17,47.41 1 1
github.com/jeffotoni/gocep/pkg/cep/newrequestwithcontext.go:48.18,49.42 1 1
github.com/jeffotoni/gocep/pkg/cep/newrequestwithcontext.go:50.27,51.51 1 1
github.com/jeffotoni/gocep/pkg/cep/newrequestwithcontext.go:52.20,54.44 2 1
github.com/jeffotoni/gocep/pkg/cep/newrequestwithcontext.go:58.2,58.8 1 6
github.com/jeffotoni/gocep/pkg/cep/newrequestwithcontext.go:61.33,63.12 2 2
github.com/jeffotoni/gocep/pkg/cep/newrequestwithcontext.go:63.12,65.3 1 0
github.com/jeffotoni/gocep/pkg/cep/newrequestwithcontext.go:66.2,66.28 1 2
github.com/jeffotoni/gocep/pkg/cep/newrequestwithcontext.go:69.107,72.16 3 2
github.com/jeffotoni/gocep/pkg/cep/newrequestwithcontext.go:72.16,78.17 6 2
github.com/jeffotoni/gocep/pkg/cep/newrequestwithcontext.go:78.17,81.4 2 2
github.com/jeffotoni/gocep/pkg/cep/newrequestwithcontext.go:85.98,88.16 3 1
github.com/jeffotoni/gocep/pkg/cep/newrequestwithcontext.go:88.16,94.17 6 1
github.com/jeffotoni/gocep/pkg/cep/newrequestwithcontext.go:94.17,97.4 2 1
github.com/jeffotoni/gocep/pkg/cep/newrequestwithcontext.go:101.99,104.16 3 1
github.com/jeffotoni/gocep/pkg/cep/newrequestwithcontext.go:104.16,110.17 6 1
github.com/jeffotoni/gocep/pkg/cep/newrequestwithcontext.go:110.17,113.4 2 1
github.com/jeffotoni/gocep/pkg/cep/newrequestwithcontext.go:117.108,120.16 3 1
github.com/jeffotoni/gocep/pkg/cep/newrequestwithcontext.go:120.16,126.17 6 1
github.com/jeffotoni/gocep/pkg/cep/newrequestwithcontext.go:126.17,129.4 2 1
github.com/jeffotoni/gocep/pkg/cep/newrequestwithcontext.go:133.101,136.16 3 1
github.com/jeffotoni/gocep/pkg/cep/newrequestwithcontext.go:136.16,142.17 6 1
github.com/jeffotoni/gocep/pkg/cep/newrequestwithcontext.go:142.17,145.4 2 1
github.com/jeffotoni/gocep/pkg/cep/search.go:18.41,20.22 2 1
github.com/jeffotoni/gocep/pkg/cep/search.go:20.22,22.3 1 0
github.com/jeffotoni/gocep/pkg/cep/search.go:24.2,31.37 6 1
github.com/jeffotoni/gocep/pkg/cep/search.go:31.37,36.109 5 6
github.com/jeffotoni/gocep/pkg/cep/search.go:36.109,37.27 1 6
github.com/jeffotoni/gocep/pkg/cep/search.go:37.27,39.5 1 1
github.com/jeffotoni/gocep/pkg/cep/search.go:39.10,41.5 1 5
github.com/jeffotoni/gocep/pkg/cep/search.go:45.2,45.9 1 1
github.com/jeffotoni/gocep/pkg/cep/search.go:46.28,48.34 2 1
github.com/jeffotoni/gocep/pkg/cep/search.go:50.74,51.11 1 0
github.com/jeffotoni/gocep/pkg/cep/search.go:53.2,53.32 1 0
