mode: set
github.com/jeffotoni/gocep/pkg/util/checkcep.go:12.33,13.28 1 1
github.com/jeffotoni/gocep/pkg/util/checkcep.go:13.28,15.3 1 1
github.com/jeffotoni/gocep/pkg/util/checkcep.go:16.2,16.61 1 1
github.com/jeffotoni/gocep/service/gocache/gocache.go:18.26,19.21 1 1
github.com/jeffotoni/gocep/service/gocache/gocache.go:19.21,20.28 1 1
github.com/jeffotoni/gocep/service/gocache/gocache.go:20.28,22.4 1 0
github.com/jeffotoni/gocep/service/gocache/gocache.go:23.3,23.58 1 1
github.com/jeffotoni/gocep/service/gocache/gocache.go:25.2,25.23 1 1
github.com/jeffotoni/gocep/service/gocache/gocache.go:28.56,29.36 1 1
github.com/jeffotoni/gocep/service/gocache/gocache.go:29.36,31.3 1 0
github.com/jeffotoni/gocep/service/gocache/gocache.go:32.2,34.13 3 1
github.com/jeffotoni/gocep/service/gocache/gocache.go:37.29,38.19 1 1
github.com/jeffotoni/gocep/service/gocache/gocache.go:38.19,40.3 1 0
github.com/jeffotoni/gocep/service/gocache/gocache.go:41.2,43.12 3 1
github.com/jeffotoni/gocep/service/gocache/gocache.go:43.12,45.3 1 0
github.com/jeffotoni/gocep/service/gocache/gocache.go:46.2,46.23 1 1
github.com/jeffotoni/gocep/handlers/cep.search.go:11.56,13.32 2 1
github.com/jeffotoni/gocep/handlers/cep.search.go:13.32,16.3 2 0
github.com/jeffotoni/gocep/handlers/cep.search.go:18.2,19.28 2 1
github.com/jeffotoni/gocep/handlers/cep.search.go:19.28,22.3 2 0
github.com/jeffotoni/gocep/handlers/cep.search.go:24.2,25.46 2 1
github.com/jeffotoni/gocep/handlers/cep.search.go:25.46,28.3 2 0
github.com/jeffotoni/gocep/handlers/cep.search.go:30.2,31.16 2 1
github.com/jeffotoni/gocep/handlers/cep.search.go:31.16,35.3 3 0
github.com/jeffotoni/gocep/handlers/cep.search.go:36.2,38.8 3 1
github.com/jeffotoni/gocep/handlers/notfound.go:7.55,10.2 2 0
